"Funding Contract: 2OW2RARS7VNPL772JLVQ64S463RMIWVVHDI4RNQBNJXIJUUZT5DRW46WB4\nLsig: escrow.py":
    confirmed-round: 187
    pool-error: ""
    sender-rewards: 15999999916
    txn:
        sig:
            type: Buffer
            data:
                - 170
                - 122
                - 172
                - 13
                - 76
                - 120
                - 186
                - 115
                - 227
                - 161
                - 14
                - 239
                - 159
                - 59
                - 14
                - 163
                - 176
                - 89
                - 111
                - 205
                - 59
                - 100
                - 98
                - 41
                - 208
                - 224
                - 89
                - 183
                - 67
                - 186
                - 255
                - 245
                - 227
                - 68
                - 44
                - 230
                - 49
                - 215
                - 92
                - 141
                - 87
                - 66
                - 154
                - 78
                - 30
                - 89
                - 139
                - 1
                - 20
                - 189
                - 90
                - 156
                - 170
                - 55
                - 39
                - 11
                - 109
                - 243
                - 46
                - 59
                - 103
                - 8
                - 249
                - 1
        txn:
            amt: 20000000
            fee: 240000
            fv: 185
            gen: sandnet-v1
            gh:
                type: Buffer
                data:
                    - 174
                    - 234
                    - 195
                    - 251
                    - 198
                    - 182
                    - 235
                    - 234
                    - 88
                    - 54
                    - 177
                    - 180
                    - 226
                    - 86
                    - 199
                    - 28
                    - 49
                    - 165
                    - 175
                    - 210
                    - 44
                    - 227
                    - 199
                    - 139
                    - 87
                    - 222
                    - 12
                    - 243
                    - 41
                    - 165
                    - 114
                    - 151
            lv: 1185
            rcv:
                type: Buffer
                data:
                    - 211
                    - 173
                    - 168
                    - 130
                    - 50
                    - 253
                    - 90
                    - 245
                    - 255
                    - 250
                    - 74
                    - 235
                    - 15
                    - 114
                    - 92
                    - 246
                    - 226
                    - 196
                    - 90
                    - 181
                    - 56
                    - 209
                    - 200
                    - 182
                    - 1
                    - 106
                    - 110
                    - 132
                    - 210
                    - 153
                    - 159
                    - 71
            snd:
                type: Buffer
                data:
                    - 49
                    - 155
                    - 61
                    - 220
                    - 242
                    - 188
                    - 22
                    - 247
                    - 131
                    - 91
                    - 214
                    - 96
                    - 21
                    - 137
                    - 235
                    - 211
                    - 21
                    - 233
                    - 226
                    - 179
                    - 100
                    - 181
                    - 6
                    - 112
                    - 146
                    - 60
                    - 89
                    - 32
                    - 38
                    - 20
                    - 131
                    - 162
            type: pay
