"Deploying ASA: minimumASA1":
    asset-index: 17
    confirmed-round: 3747
    pool-error: ""
    txn:
        sig:
            - 2
            - 34
            - 116
            - 111
            - 42
            - 124
            - 202
            - 47
            - 254
            - 197
            - 194
            - 9
            - 216
            - 95
            - 75
            - 131
            - 185
            - 161
            - 180
            - 137
            - 81
            - 55
            - 158
            - 13
            - 214
            - 178
            - 7
            - 174
            - 140
            - 112
            - 173
            - 235
            - 78
            - 229
            - 9
            - 35
            - 61
            - 78
            - 76
            - 107
            - 192
            - 123
            - 207
            - 58
            - 204
            - 132
            - 248
            - 51
            - 30
            - 61
            - 24
            - 101
            - 21
            - 20
            - 253
            - 140
            - 236
            - 24
            - 244
            - 203
            - 159
            - 108
            - 215
            - 13
        txn:
            apar:
                an: minimumASA1
                t: 1
                un: unitName
            fee: 2290
            fv: 3745
            gen: sandnet-v1
            gh:
                - 174
                - 234
                - 195
                - 251
                - 198
                - 182
                - 235
                - 234
                - 88
                - 54
                - 177
                - 180
                - 226
                - 86
                - 199
                - 28
                - 49
                - 165
                - 175
                - 210
                - 44
                - 227
                - 199
                - 139
                - 87
                - 222
                - 12
                - 243
                - 41
                - 165
                - 114
                - 151
            lv: 4745
            snd:
                - 49
                - 155
                - 61
                - 220
                - 242
                - 188
                - 22
                - 247
                - 131
                - 91
                - 214
                - 96
                - 21
                - 137
                - 235
                - 211
                - 21
                - 233
                - 226
                - 179
                - 100
                - 181
                - 6
                - 112
                - 146
                - 60
                - 89
                - 32
                - 38
                - 20
                - 131
                - 162
            type: acfg
