"Deploying ASA: minimumASA":
    asset-index: 16
    confirmed-round: 3745
    pool-error: ""
    sender-rewards: 372000000000
    txn:
        sig:
            - 51
            - 160
            - 15
            - 142
            - 209
            - 165
            - 241
            - 86
            - 124
            - 150
            - 11
            - 204
            - 255
            - 37
            - 251
            - 77
            - 75
            - 95
            - 74
            - 98
            - 238
            - 71
            - 65
            - 50
            - 225
            - 223
            - 235
            - 173
            - 56
            - 15
            - 238
            - 53
            - 145
            - 156
            - 34
            - 253
            - 69
            - 137
            - 235
            - 20
            - 84
            - 28
            - 47
            - 207
            - 14
            - 173
            - 100
            - 237
            - 255
            - 182
            - 159
            - 147
            - 27
            - 28
            - 153
            - 124
            - 6
            - 4
            - 65
            - 36
            - 199
            - 216
            - 55
            - 8
        txn:
            apar:
                an: minimumASA
                t: 1
                un: unitName
            fee: 230000
            fv: 3743
            gen: sandnet-v1
            gh:
                - 174
                - 234
                - 195
                - 251
                - 198
                - 182
                - 235
                - 234
                - 88
                - 54
                - 177
                - 180
                - 226
                - 86
                - 199
                - 28
                - 49
                - 165
                - 175
                - 210
                - 44
                - 227
                - 199
                - 139
                - 87
                - 222
                - 12
                - 243
                - 41
                - 165
                - 114
                - 151
            lv: 4743
            snd:
                - 49
                - 155
                - 61
                - 220
                - 242
                - 188
                - 22
                - 247
                - 131
                - 91
                - 214
                - 96
                - 21
                - 137
                - 235
                - 211
                - 21
                - 233
                - 226
                - 179
                - 100
                - 181
                - 6
                - 112
                - 146
                - 60
                - 89
                - 32
                - 38
                - 20
                - 131
                - 162
            type: acfg
