"Deploying ASA: allFieldASA":
    asset-index: 18
    confirmed-round: 3749
    pool-error: ""
    txn:
        sig:
            - 17
            - 184
            - 188
            - 5
            - 0
            - 41
            - 60
            - 25
            - 186
            - 231
            - 153
            - 0
            - 136
            - 143
            - 95
            - 245
            - 87
            - 63
            - 67
            - 15
            - 46
            - 240
            - 235
            - 76
            - 96
            - 215
            - 223
            - 75
            - 129
            - 177
            - 93
            - 244
            - 111
            - 100
            - 163
            - 251
            - 35
            - 6
            - 126
            - 15
            - 154
            - 117
            - 235
            - 124
            - 201
            - 239
            - 87
            - 113
            - 212
            - 199
            - 156
            - 116
            - 119
            - 207
            - 232
            - 113
            - 9
            - 203
            - 25
            - 207
            - 48
            - 1
            - 6
            - 15
        txn:
            apar:
                am:
                    - 49
                    - 50
                    - 51
                    - 49
                    - 50
                    - 52
                    - 52
                    - 50
                    - 49
                    - 52
                    - 50
                    - 49
                    - 52
                    - 49
                    - 50
                    - 52
                    - 49
                    - 50
                    - 52
                    - 52
                    - 52
                    - 52
                    - 52
                    - 52
                    - 49
                    - 49
                    - 49
                    - 49
                    - 49
                    - 49
                    - 51
                    - 51
                an: allFieldASA
                au: url
                c:
                    - 181
                    - 176
                    - 219
                    - 238
                    - 106
                    - 134
                    - 42
                    - 72
                    - 146
                    - 178
                    - 183
                    - 161
                    - 7
                    - 238
                    - 87
                    - 145
                    - 92
                    - 34
                    - 110
                    - 74
                    - 164
                    - 136
                    - 138
                    - 167
                    - 248
                    - 1
                    - 168
                    - 242
                    - 0
                    - 77
                    - 71
                    - 104
                df: true
                f:
                    - 181
                    - 176
                    - 219
                    - 238
                    - 106
                    - 134
                    - 42
                    - 72
                    - 146
                    - 178
                    - 183
                    - 161
                    - 7
                    - 238
                    - 87
                    - 145
                    - 92
                    - 34
                    - 110
                    - 74
                    - 164
                    - 136
                    - 138
                    - 167
                    - 248
                    - 1
                    - 168
                    - 242
                    - 0
                    - 77
                    - 71
                    - 104
                m:
                    - 181
                    - 176
                    - 219
                    - 238
                    - 106
                    - 134
                    - 42
                    - 72
                    - 146
                    - 178
                    - 183
                    - 161
                    - 7
                    - 238
                    - 87
                    - 145
                    - 92
                    - 34
                    - 110
                    - 74
                    - 164
                    - 136
                    - 138
                    - 167
                    - 248
                    - 1
                    - 168
                    - 242
                    - 0
                    - 77
                    - 71
                    - 104
                r:
                    - 181
                    - 176
                    - 219
                    - 238
                    - 106
                    - 134
                    - 42
                    - 72
                    - 146
                    - 178
                    - 183
                    - 161
                    - 7
                    - 238
                    - 87
                    - 145
                    - 92
                    - 34
                    - 110
                    - 74
                    - 164
                    - 136
                    - 138
                    - 167
                    - 248
                    - 1
                    - 168
                    - 242
                    - 0
                    - 77
                    - 71
                    - 104
                t: 1
                un: unitName
            fee: 4350
            fv: 3747
            gen: sandnet-v1
            gh:
                - 174
                - 234
                - 195
                - 251
                - 198
                - 182
                - 235
                - 234
                - 88
                - 54
                - 177
                - 180
                - 226
                - 86
                - 199
                - 28
                - 49
                - 165
                - 175
                - 210
                - 44
                - 227
                - 199
                - 139
                - 87
                - 222
                - 12
                - 243
                - 41
                - 165
                - 114
                - 151
            lv: 4747
            note:
                - 110
                - 111
                - 116
                - 101
                - 98
                - 54
                - 52
            snd:
                - 49
                - 155
                - 61
                - 220
                - 242
                - 188
                - 22
                - 247
                - 131
                - 91
                - 214
                - 96
                - 21
                - 137
                - 235
                - 211
                - 21
                - 233
                - 226
                - 179
                - 100
                - 181
                - 6
                - 112
                - 146
                - 60
                - 89
                - 32
                - 38
                - 20
                - 131
                - 162
            type: acfg
