"Funding Contract: II75XSDNKLRIZ2SNP3S6CAWI7CO2GNB4HSWFRUNL67UUIQ6PPZ3TOSG3BE\nLsig: fee-check.teal":
    confirmed-round: 3751
    pool-error: ""
    txn:
        sig:
            - 112
            - 52
            - 106
            - 169
            - 181
            - 235
            - 107
            - 251
            - 241
            - 235
            - 230
            - 236
            - 88
            - 1
            - 160
            - 207
            - 158
            - 106
            - 246
            - 178
            - 153
            - 11
            - 19
            - 240
            - 66
            - 100
            - 162
            - 118
            - 14
            - 93
            - 4
            - 153
            - 55
            - 100
            - 115
            - 15
            - 185
            - 238
            - 196
            - 54
            - 216
            - 162
            - 228
            - 70
            - 227
            - 95
            - 217
            - 170
            - 166
            - 1
            - 81
            - 9
            - 36
            - 173
            - 204
            - 192
            - 149
            - 102
            - 225
            - 196
            - 143
            - 200
            - 21
            - 10
        txn:
            amt: 20000000
            fee: 241000
            fv: 3749
            gen: sandnet-v1
            gh:
                - 174
                - 234
                - 195
                - 251
                - 198
                - 182
                - 235
                - 234
                - 88
                - 54
                - 177
                - 180
                - 226
                - 86
                - 199
                - 28
                - 49
                - 165
                - 175
                - 210
                - 44
                - 227
                - 199
                - 139
                - 87
                - 222
                - 12
                - 243
                - 41
                - 165
                - 114
                - 151
            lv: 4749
            rcv:
                - 66
                - 63
                - 219
                - 200
                - 109
                - 82
                - 226
                - 140
                - 234
                - 77
                - 126
                - 229
                - 225
                - 2
                - 200
                - 248
                - 157
                - 163
                - 52
                - 60
                - 60
                - 172
                - 88
                - 209
                - 171
                - 247
                - 233
                - 68
                - 67
                - 207
                - 126
                - 119
            snd:
                - 49
                - 155
                - 61
                - 220
                - 242
                - 188
                - 22
                - 247
                - 131
                - 91
                - 214
                - 96
                - 21
                - 137
                - 235
                - 211
                - 21
                - 233
                - 226
                - 179
                - 100
                - 181
                - 6
                - 112
                - 146
                - 60
                - 89
                - 32
                - 38
                - 20
                - 131
                - 162
            type: pay
