"Funding Contract: GN5VUIE4D7WCYFLZK5LPQCL4Z66Y2RIIVCUG3U7FK4W5TKQSLK2G7V6TGY\nLsig: escrow.py":
    confirmed-round: 3754
    pool-error: ""
    txn:
        sig:
            - 26
            - 43
            - 27
            - 127
            - 234
            - 171
            - 67
            - 73
            - 60
            - 240
            - 224
            - 3
            - 235
            - 198
            - 219
            - 39
            - 23
            - 244
            - 123
            - 227
            - 116
            - 39
            - 212
            - 193
            - 242
            - 153
            - 55
            - 207
            - 52
            - 217
            - 114
            - 93
            - 225
            - 145
            - 223
            - 30
            - 133
            - 153
            - 127
            - 202
            - 201
            - 232
            - 206
            - 211
            - 183
            - 251
            - 224
            - 68
            - 128
            - 229
            - 113
            - 161
            - 166
            - 209
            - 54
            - 18
            - 205
            - 88
            - 223
            - 222
            - 224
            - 107
            - 143
            - 15
        txn:
            amt: 20000000
            fee: 241000
            fv: 3752
            gen: sandnet-v1
            gh:
                - 174
                - 234
                - 195
                - 251
                - 198
                - 182
                - 235
                - 234
                - 88
                - 54
                - 177
                - 180
                - 226
                - 86
                - 199
                - 28
                - 49
                - 165
                - 175
                - 210
                - 44
                - 227
                - 199
                - 139
                - 87
                - 222
                - 12
                - 243
                - 41
                - 165
                - 114
                - 151
            lv: 4752
            rcv:
                - 51
                - 123
                - 90
                - 32
                - 156
                - 31
                - 236
                - 44
                - 21
                - 121
                - 87
                - 86
                - 248
                - 9
                - 124
                - 207
                - 189
                - 141
                - 69
                - 8
                - 168
                - 168
                - 109
                - 211
                - 229
                - 87
                - 45
                - 217
                - 170
                - 18
                - 90
                - 180
            snd:
                - 49
                - 155
                - 61
                - 220
                - 242
                - 188
                - 22
                - 247
                - 131
                - 91
                - 214
                - 96
                - 21
                - 137
                - 235
                - 211
                - 21
                - 233
                - 226
                - 179
                - 100
                - 181
                - 6
                - 112
                - 146
                - 60
                - 89
                - 32
                - 38
                - 20
                - 131
                - 162
            type: pay
