"Deploying ASA: TESTASSET":
    asset-index: 96
    confirmed-round: 15035
    pool-error: ""
    sender-rewards: 4001496185
    txn:
        sig:
            type: Buffer
            data:
                - 57
                - 151
                - 200
                - 28
                - 144
                - 55
                - 67
                - 47
                - 74
                - 204
                - 219
                - 176
                - 89
                - 132
                - 89
                - 89
                - 64
                - 166
                - 184
                - 238
                - 31
                - 190
                - 31
                - 47
                - 70
                - 56
                - 91
                - 82
                - 60
                - 98
                - 74
                - 246
                - 86
                - 154
                - 86
                - 186
                - 146
                - 195
                - 153
                - 3
                - 86
                - 60
                - 109
                - 207
                - 44
                - 137
                - 213
                - 31
                - 93
                - 69
                - 18
                - 225
                - 18
                - 120
                - 147
                - 193
                - 193
                - 152
                - 209
                - 109
                - 243
                - 42
                - 136
                - 4
        txn:
            apar:
                am:
                    type: Buffer
                    data:
                        - 49
                        - 50
                        - 51
                        - 49
                        - 50
                        - 52
                        - 52
                        - 50
                        - 49
                        - 52
                        - 50
                        - 49
                        - 52
                        - 49
                        - 50
                        - 52
                        - 49
                        - 50
                        - 52
                        - 52
                        - 52
                        - 52
                        - 52
                        - 52
                        - 49
                        - 49
                        - 49
                        - 49
                        - 49
                        - 49
                        - 51
                        - 51
                an: TESTASSET
                au: website
                c:
                    type: Buffer
                    data:
                        - 37
                        - 237
                        - 129
                        - 42
                        - 144
                        - 187
                        - 164
                        - 163
                        - 82
                        - 159
                        - 137
                        - 231
                        - 82
                        - 173
                        - 163
                        - 169
                        - 95
                        - 33
                        - 166
                        - 33
                        - 232
                        - 192
                        - 20
                        - 3
                        - 232
                        - 240
                        - 106
                        - 114
                        - 226
                        - 3
                        - 224
                        - 160
                f:
                    type: Buffer
                    data:
                        - 37
                        - 237
                        - 129
                        - 42
                        - 144
                        - 187
                        - 164
                        - 163
                        - 82
                        - 159
                        - 137
                        - 231
                        - 82
                        - 173
                        - 163
                        - 169
                        - 95
                        - 33
                        - 166
                        - 33
                        - 232
                        - 192
                        - 20
                        - 3
                        - 232
                        - 240
                        - 106
                        - 114
                        - 226
                        - 3
                        - 224
                        - 160
                m:
                    type: Buffer
                    data:
                        - 37
                        - 237
                        - 129
                        - 42
                        - 144
                        - 187
                        - 164
                        - 163
                        - 82
                        - 159
                        - 137
                        - 231
                        - 82
                        - 173
                        - 163
                        - 169
                        - 95
                        - 33
                        - 166
                        - 33
                        - 232
                        - 192
                        - 20
                        - 3
                        - 232
                        - 240
                        - 106
                        - 114
                        - 226
                        - 3
                        - 224
                        - 160
                r:
                    type: Buffer
                    data:
                        - 37
                        - 237
                        - 129
                        - 42
                        - 144
                        - 187
                        - 164
                        - 163
                        - 82
                        - 159
                        - 137
                        - 231
                        - 82
                        - 173
                        - 163
                        - 169
                        - 95
                        - 33
                        - 166
                        - 33
                        - 232
                        - 192
                        - 20
                        - 3
                        - 232
                        - 240
                        - 106
                        - 114
                        - 226
                        - 3
                        - 224
                        - 160
                t: 1000000
                un: TA
            fee: 1000
            fv: 15033
            gen: sandnet-v1
            gh:
                type: Buffer
                data:
                    - 174
                    - 234
                    - 195
                    - 251
                    - 198
                    - 182
                    - 235
                    - 234
                    - 88
                    - 54
                    - 177
                    - 180
                    - 226
                    - 86
                    - 199
                    - 28
                    - 49
                    - 165
                    - 175
                    - 210
                    - 44
                    - 227
                    - 199
                    - 139
                    - 87
                    - 222
                    - 12
                    - 243
                    - 41
                    - 165
                    - 114
                    - 151
            lv: 16033
            note:
                type: Buffer
                data:
                    - 110
                    - 111
                    - 116
                    - 101
                    - 98
                    - 54
                    - 52
            snd:
                type: Buffer
                data:
                    - 49
                    - 155
                    - 61
                    - 220
                    - 242
                    - 188
                    - 22
                    - 247
                    - 131
                    - 91
                    - 214
                    - 96
                    - 21
                    - 137
                    - 235
                    - 211
                    - 21
                    - 233
                    - 226
                    - 179
                    - 100
                    - 181
                    - 6
                    - 112
                    - 146
                    - 60
                    - 89
                    - 32
                    - 38
                    - 20
                    - 131
                    - 162
            type: acfg
